<?xml version="1.0" encoding="UTF-8"?>
<!-- Generated by org.testng.reporters.JUnitXMLReporter -->
<testsuite ignored="0" hostname="manish" failures="1" tests="3" name="Submit Order Test" time="79.341" errors="0" timestamp="2024-09-12T00:57:38 IST">
  <testcase classname="com.pom.qa.testcases.SubmitOrderTest" name="StandAloneTest" time="32.345"/>
  <testcase classname="com.pom.qa.testcases.SubmitOrderTest" name="StandAloneTest" time="39.543">
    <failure type="java.lang.AssertionError" message="Missing products from the cart: [ADIDAS ORIGINAL] expected [true] but found [false]">
      <![CDATA[java.lang.AssertionError: Missing products from the cart: [ADIDAS ORIGINAL] expected [true] but found [false]
at com.pom.qa.testcases.SubmitOrderTest.StandAloneTest(SubmitOrderTest.java:66)
at java.base/java.util.ArrayList.forEach(ArrayList.java:1596)
at java.base/java.util.concurrent.FutureTask.run(FutureTask.java:317)
at java.base/java.util.concurrent.ThreadPoolExecutor.runWorker(ThreadPoolExecutor.java:1144)
at java.base/java.util.concurrent.ThreadPoolExecutor$Worker.run(ThreadPoolExecutor.java:642)
at java.base/java.lang.Thread.run(Thread.java:1583)
... Removed 18 stack frames]]>
    </failure>
  </testcase> <!-- StandAloneTest -->
  <testcase classname="com.pom.qa.testcases.SubmitOrderTest" name="validateOrderHistory" time="0.0">
    <skipped/>
  </testcase> <!-- validateOrderHistory -->
</testsuite> <!-- Submit Order Test -->
